2024-10-30 10:46:35.754 [main] INFO  com.rs.mv.mvvs.Startup - [LSP:100101]ROCKET MV BASIC EXTENSION to start
2024-10-30 10:46:36.031 [main] INFO  com.rs.mv.mvvs.lsp.server.BasicLanguageServerLauncher - [LSP:100102]start pip server
2024-10-30 10:46:38.061 [main] INFO  com.rs.mv.mvvs.lsp.server.BasicLanguageServerLauncher - [LSP:100103]ROCKET MV BASIC EXTENSION start successful
2024-10-30 10:46:39.316 [pool-3-thread-1] INFO  com.rs.mv.mvvs.instance.workspace.WorkspaceManager - [workspace:200101]load all workspace folders start
2024-10-30 10:46:39.318 [pool-3-thread-1] INFO  com.rs.mv.mvvs.instance.workspace.WorkspaceManager - [workspace:20010201]root uri: file:///c%3A/Users/GodsA/OneDrive/Desktop/Code/6_C%2B%2B/SE%20Team%20Projects/LED%20TEST
2024-10-30 10:46:39.322 [pool-3-thread-1] INFO  com.rs.mv.mvvs.instance.workspace.handler.FolderHandler - [workspace:200103]workspace contains workspace folder: file:///c%3A/Users/GodsA/OneDrive/Desktop/Code/6_C%2B%2B/SE%20Team%20Projects/LED%20TEST
2024-10-30 10:46:39.890 [pool-3-thread-1] INFO  com.rs.mv.mvvs.instance.workspace.handler.FolderHandler - [workspace:200104]workspace folder will be cached: file:///c%3A/Users/GodsA/OneDrive/Desktop/Code/6_C%2B%2B/SE%20Team%20Projects/LED%20TEST
2024-10-30 10:46:39.908 [pool-3-thread-1] INFO  com.rs.mv.mvvs.rmv.config.Config - [framework:30010101]config load start
2024-10-30 10:46:39.913 [pool-3-thread-1] INFO  com.rs.mv.mvvs.rmv.config.Config - [framework:30010102]project config path is : C:/Users/GodsA/OneDrive/Desktop/Code/6_C++/SE Team Projects/LED TEST/.rmv/config
2024-10-30 10:46:39.914 [pool-3-thread-1] INFO  com.rs.mv.mvvs.rmv.config.Config - [framework:30010103]resource config path is : /
2024-10-30 10:46:39.915 [pool-3-thread-1] INFO  com.rs.mv.mvvs.rmv.config.Config - [framework:30010104]user config path is : C:/Users/GodsA
2024-10-30 10:46:40.587 [pool-3-thread-1] INFO  com.rs.mv.mvvs.rmv.config.Config - [framework:30010105]config load end
2024-10-30 10:46:40.599 [pool-3-thread-1] INFO  com.rs.mv.mvvs.rmv.documentation.BasicDocumentation - [framework:30020101]documentation load start
2024-10-30 10:46:40.602 [pool-3-thread-1] INFO  com.rs.mv.mvvs.rmv.documentation.reader.SystemDocReader - [framework:30020102]system documentation path: /documentation/UNIVERSE/
2024-10-30 10:46:40.616 [pool-3-thread-1] INFO  com.rs.mv.mvvs.rmv.documentation.reader.ProjectDocReader - [framework:30020103]project documentation brief file: C:\Users\GodsA\OneDrive\Desktop\Code\6_C++\SE Team Projects\LED TEST\.rmv\documentation\UNIVERSE\custom.json
2024-10-30 10:46:40.619 [pool-3-thread-1] INFO  com.rs.mv.mvvs.rmv.documentation.reader.UserDocReader - [framework:30020104]user documentation brief file: C:\Users\GodsA\documentation\UNIVERSE\custom.json
2024-10-30 10:46:42.711 [pool-3-thread-1] INFO  com.rs.mv.mvvs.rmv.documentation.BasicDocumentation - [framework:30020105]documentation load end
2024-10-30 10:46:42.723 [pool-3-thread-1] INFO  com.rs.mv.mvvs.common.convertor.ConvertorManager - [framework:30030101]convertors for folder(C:/Users/GodsA/OneDrive/Desktop/Code/6_C++/SE Team Projects/LED TEST) load start
2024-10-30 10:46:43.036 [pool-3-thread-1] INFO  com.rs.mv.mvvs.common.convertor.ConvertorManager - [framework:30030102]comment convertor load finish
2024-10-30 10:46:47.916 [pool-3-thread-1] INFO  com.rs.mv.mvvs.common.convertor.ConvertorManager - [framework:30030103]keyword convertor load finish
2024-10-30 10:46:47.936 [pool-3-thread-1] INFO  com.rs.mv.mvvs.common.convertor.ConvertorManager - [framework:30030104]operator convertor load finish
2024-10-30 10:46:47.938 [pool-3-thread-1] INFO  com.rs.mv.mvvs.common.convertor.ConvertorManager - [framework:30030105]function name convertor load finish
2024-10-30 10:46:48.109 [pool-3-thread-1] INFO  com.rs.mv.mvvs.common.convertor.ConvertorManager - [framework:30030106]atVariable convertor load finish
2024-10-30 10:46:48.121 [pool-3-thread-1] INFO  com.rs.mv.mvvs.common.convertor.ConvertorManager - [framework:30030107]convertors for folder(C:/Users/GodsA/OneDrive/Desktop/Code/6_C++/SE Team Projects/LED TEST) load end
2024-10-30 10:46:48.129 [pool-3-thread-1] INFO  com.rs.mv.mvvs.rmv.config.CapabilityConfig - [framework:30010301]capabilities file(C:/Users/GodsA/OneDrive/Desktop/Code/6_C++/SE Team Projects/LED TEST/config/capability) doesn't exist or read error, default config will take effect
2024-10-30 10:46:48.129 [pool-3-thread-1] INFO  com.rs.mv.mvvs.instance.workspace.WorkspaceManager - [workspace:200105]load all workspace folders successful
2024-10-30 10:46:48.138 [pool-3-thread-1] INFO  com.rs.mv.mvvs.client.account.AccountManager - [client:40010101]load account manager start
2024-10-30 10:46:48.470 [pool-3-thread-1] INFO  com.rs.mv.mvvs.client.account.handler.CacheAccountHandler - [client:40010102]load cache account: 
2024-10-30 10:46:48.500 [pool-3-thread-1] INFO  com.rs.mv.mvvs.client.account.handler.ExternalAccountHandler - [client:40010103]load external account: 
2024-10-30 10:46:48.983 [pool-3-thread-1] INFO  com.rs.mv.mvvs.client.catalog.manager.U2CatalogManager - [client:400203]cache file auto update thread launch in LED TEST account
2024-10-30 10:46:49.034 [pool-3-thread-1] INFO  com.rs.mv.mvvs.client.catalog.from.config.DirsConfigReader - [client:400206]parse dir config information
2024-10-30 10:46:49.152 [pool-3-thread-1] INFO  com.rs.mv.mvvs.client.catalog.from.config.MappingConfigReader - [client:400207]parse mapping config information
2024-10-30 10:46:49.157 [pool-3-thread-1] INFO  com.rs.mv.mvvs.client.catalog.manager.U2CatalogManager - [client:400202]start a schedule task to get global/local catalog for LED TEST, its period 5s 
2024-10-30 10:46:49.160 [pool-3-thread-1] INFO  com.rs.mv.mvvs.client.catalog.manager.U2CatalogManager - [client:400203]cache file auto update thread launch in .pio account
2024-10-30 10:46:49.162 [pool-3-thread-1] INFO  com.rs.mv.mvvs.client.catalog.from.config.DirsConfigReader - [client:400206]parse dir config information
2024-10-30 10:46:49.163 [pool-3-thread-1] INFO  com.rs.mv.mvvs.client.catalog.from.config.MappingConfigReader - [client:400207]parse mapping config information
2024-10-30 10:46:49.164 [pool-3-thread-1] INFO  com.rs.mv.mvvs.client.catalog.manager.U2CatalogManager - [client:400202]start a schedule task to get global/local catalog for .pio, its period 5s 
2024-10-30 10:46:49.167 [pool-3-thread-1] INFO  com.rs.mv.mvvs.client.catalog.manager.U2CatalogManager - [client:400203]cache file auto update thread launch in build account
2024-10-30 10:46:49.168 [pool-3-thread-1] INFO  com.rs.mv.mvvs.client.catalog.from.config.DirsConfigReader - [client:400206]parse dir config information
2024-10-30 10:46:49.169 [pool-3-thread-1] INFO  com.rs.mv.mvvs.client.catalog.from.config.MappingConfigReader - [client:400207]parse mapping config information
2024-10-30 10:46:49.171 [pool-3-thread-1] INFO  com.rs.mv.mvvs.client.catalog.manager.U2CatalogManager - [client:400202]start a schedule task to get global/local catalog for build, its period 5s 
2024-10-30 10:46:49.173 [pool-3-thread-1] INFO  com.rs.mv.mvvs.client.catalog.manager.U2CatalogManager - [client:400203]cache file auto update thread launch in uno account
2024-10-30 10:46:49.176 [pool-3-thread-1] INFO  com.rs.mv.mvvs.client.catalog.from.config.DirsConfigReader - [client:400206]parse dir config information
2024-10-30 10:46:49.178 [pool-3-thread-1] INFO  com.rs.mv.mvvs.client.catalog.from.config.MappingConfigReader - [client:400207]parse mapping config information
2024-10-30 10:46:49.182 [pool-3-thread-1] INFO  com.rs.mv.mvvs.client.catalog.manager.U2CatalogManager - [client:400202]start a schedule task to get global/local catalog for uno, its period 5s 
2024-10-30 10:46:49.271 [pool-3-thread-1] INFO  com.rs.mv.mvvs.client.account.handler.ServerAccountHandler - [client:40010104]load server account: Account{name=.pio, path=C:/Users/GodsA/OneDrive/Desktop/Code/6_C++/SE Team Projects/LED TEST/.pio, type=PREDICT}
Account{name=build, path=C:/Users/GodsA/OneDrive/Desktop/Code/6_C++/SE Team Projects/LED TEST/.pio/build, type=PREDICT}
Account{name=uno, path=C:/Users/GodsA/OneDrive/Desktop/Code/6_C++/SE Team Projects/LED TEST/.pio/build/uno, type=PREDICT}
Account{name=LED TEST, path=C:/Users/GodsA/OneDrive/Desktop/Code/6_C++/SE Team Projects/LED TEST, type=PREDICT}
2024-10-30 10:46:49.272 [pool-3-thread-1] INFO  com.rs.mv.mvvs.client.account.AccountManager - [client:40010105]load account manager finish
2024-10-30 10:46:49.278 [pool-3-thread-1] INFO  com.rs.mv.mvvs.instance.userspace.UserspaceManager - [framework:30010402]config file(C:\Users\GodsA/.rmv/config) watcher launch successful
2024-10-30 11:05:10.855 [pool-3-thread-1] INFO  com.rs.mv.mvvs.client.catalog.from.scan.CurrentPathScanner - [client:400205]scan file in current open file directory(C:/Users/GodsA/OneDrive/Desktop/Code/6_C++/SE Team Projects/LED TEST/src)
2024-10-30 11:38:33.795 [pool-3-thread-1] INFO  com.rs.mv.mvvs.client.catalog.from.scan.CurrentPathScanner - [client:400205]scan file in current open file directory(C:/Users/GodsA/OneDrive/Desktop/Code/6_C++/SE Team Projects/LED TEST/src)
2024-10-30 13:12:35.373 [main] WARN  com.rs.mv.mvvs.Startup - [LSP:100104]ROCKET MV BASIC EXTENSION exited
