2024-11-28 14:33:57.504 [main] INFO  com.rs.mv.mvvs.Startup - [LSP:100101]ROCKET MV BASIC EXTENSION to start
2024-11-28 14:33:57.756 [main] INFO  com.rs.mv.mvvs.lsp.server.BasicLanguageServerLauncher - [LSP:100102]start pip server
2024-11-28 14:33:58.795 [main] INFO  com.rs.mv.mvvs.lsp.server.BasicLanguageServerLauncher - [LSP:100103]ROCKET MV BASIC EXTENSION start successful
2024-11-28 14:33:59.959 [pool-3-thread-1] INFO  com.rs.mv.mvvs.instance.workspace.WorkspaceManager - [workspace:200101]load all workspace folders start
2024-11-28 14:33:59.967 [pool-3-thread-1] INFO  com.rs.mv.mvvs.instance.workspace.WorkspaceManager - [workspace:20010201]root uri: file:///c%3A/Users/GodsA/OneDrive/Desktop/Code/6_C%2B%2B/SE%20Team%20Projects/LED%20TEST
2024-11-28 14:33:59.967 [pool-3-thread-1] INFO  com.rs.mv.mvvs.instance.workspace.handler.FolderHandler - [workspace:200103]workspace contains workspace folder: file:///c%3A/Users/GodsA/OneDrive/Desktop/Code/6_C%2B%2B/SE%20Team%20Projects/LED%20TEST
2024-11-28 14:34:00.140 [pool-3-thread-1] INFO  com.rs.mv.mvvs.instance.workspace.handler.FolderHandler - [workspace:200104]workspace folder will be cached: file:///c%3A/Users/GodsA/OneDrive/Desktop/Code/6_C%2B%2B/SE%20Team%20Projects/LED%20TEST
2024-11-28 14:34:00.140 [pool-3-thread-1] INFO  com.rs.mv.mvvs.rmv.config.Config - [framework:30010101]config load start
2024-11-28 14:34:00.140 [pool-3-thread-1] INFO  com.rs.mv.mvvs.rmv.config.Config - [framework:30010102]project config path is : C:/Users/GodsA/OneDrive/Desktop/Code/6_C++/SE Team Projects/LED TEST/.rmv/config
2024-11-28 14:34:00.140 [pool-3-thread-1] INFO  com.rs.mv.mvvs.rmv.config.Config - [framework:30010103]resource config path is : /
2024-11-28 14:34:00.158 [pool-3-thread-1] INFO  com.rs.mv.mvvs.rmv.config.Config - [framework:30010104]user config path is : C:/Users/GodsA
2024-11-28 14:34:00.641 [pool-3-thread-1] INFO  com.rs.mv.mvvs.rmv.config.Config - [framework:30010105]config load end
2024-11-28 14:34:00.659 [pool-3-thread-1] INFO  com.rs.mv.mvvs.rmv.documentation.BasicDocumentation - [framework:30020101]documentation load start
2024-11-28 14:34:00.659 [pool-3-thread-1] INFO  com.rs.mv.mvvs.rmv.documentation.reader.SystemDocReader - [framework:30020102]system documentation path: /documentation/UNIVERSE/
2024-11-28 14:34:00.763 [pool-3-thread-1] INFO  com.rs.mv.mvvs.rmv.documentation.reader.ProjectDocReader - [framework:30020103]project documentation brief file: C:\Users\GodsA\OneDrive\Desktop\Code\6_C++\SE Team Projects\LED TEST\.rmv\documentation\UNIVERSE\custom.json
2024-11-28 14:34:00.772 [pool-3-thread-1] INFO  com.rs.mv.mvvs.rmv.documentation.reader.UserDocReader - [framework:30020104]user documentation brief file: C:\Users\GodsA\documentation\UNIVERSE\custom.json
2024-11-28 14:34:01.882 [pool-3-thread-1] INFO  com.rs.mv.mvvs.rmv.documentation.BasicDocumentation - [framework:30020105]documentation load end
2024-11-28 14:34:01.977 [pool-3-thread-1] INFO  com.rs.mv.mvvs.common.convertor.ConvertorManager - [framework:30030101]convertors for folder(C:/Users/GodsA/OneDrive/Desktop/Code/6_C++/SE Team Projects/LED TEST) load start
2024-11-28 14:34:01.996 [pool-3-thread-1] INFO  com.rs.mv.mvvs.common.convertor.ConvertorManager - [framework:30030102]comment convertor load finish
2024-11-28 14:34:04.828 [pool-3-thread-1] INFO  com.rs.mv.mvvs.common.convertor.ConvertorManager - [framework:30030103]keyword convertor load finish
2024-11-28 14:34:04.916 [pool-3-thread-1] INFO  com.rs.mv.mvvs.common.convertor.ConvertorManager - [framework:30030104]operator convertor load finish
2024-11-28 14:34:04.916 [pool-3-thread-1] INFO  com.rs.mv.mvvs.common.convertor.ConvertorManager - [framework:30030105]function name convertor load finish
2024-11-28 14:34:04.916 [pool-3-thread-1] INFO  com.rs.mv.mvvs.common.convertor.ConvertorManager - [framework:30030106]atVariable convertor load finish
2024-11-28 14:34:04.923 [pool-3-thread-1] INFO  com.rs.mv.mvvs.common.convertor.ConvertorManager - [framework:30030107]convertors for folder(C:/Users/GodsA/OneDrive/Desktop/Code/6_C++/SE Team Projects/LED TEST) load end
2024-11-28 14:34:04.941 [pool-3-thread-1] INFO  com.rs.mv.mvvs.rmv.config.CapabilityConfig - [framework:30010301]capabilities file(C:/Users/GodsA/OneDrive/Desktop/Code/6_C++/SE Team Projects/LED TEST/config/capability) doesn't exist or read error, default config will take effect
2024-11-28 14:34:04.944 [pool-3-thread-1] INFO  com.rs.mv.mvvs.instance.workspace.WorkspaceManager - [workspace:200105]load all workspace folders successful
2024-11-28 14:34:04.954 [pool-3-thread-1] INFO  com.rs.mv.mvvs.client.account.AccountManager - [client:40010101]load account manager start
2024-11-28 14:34:05.167 [pool-3-thread-1] INFO  com.rs.mv.mvvs.client.account.handler.CacheAccountHandler - [client:40010102]load cache account: 
2024-11-28 14:34:05.230 [pool-3-thread-1] INFO  com.rs.mv.mvvs.client.account.handler.ExternalAccountHandler - [client:40010103]load external account: 
2024-11-28 14:34:05.881 [pool-3-thread-1] INFO  com.rs.mv.mvvs.client.catalog.manager.U2CatalogManager - [client:400203]cache file auto update thread launch in LED TEST account
2024-11-28 14:34:05.947 [pool-3-thread-1] INFO  com.rs.mv.mvvs.client.catalog.from.config.DirsConfigReader - [client:400206]parse dir config information
2024-11-28 14:34:06.040 [pool-3-thread-1] INFO  com.rs.mv.mvvs.client.catalog.from.config.MappingConfigReader - [client:400207]parse mapping config information
2024-11-28 14:34:06.050 [pool-3-thread-1] INFO  com.rs.mv.mvvs.client.catalog.manager.U2CatalogManager - [client:400202]start a schedule task to get global/local catalog for LED TEST, its period 5s 
2024-11-28 14:34:06.055 [pool-3-thread-1] INFO  com.rs.mv.mvvs.client.catalog.manager.U2CatalogManager - [client:400203]cache file auto update thread launch in .pio account
2024-11-28 14:34:06.058 [pool-3-thread-1] INFO  com.rs.mv.mvvs.client.catalog.from.config.DirsConfigReader - [client:400206]parse dir config information
2024-11-28 14:34:06.060 [pool-3-thread-1] INFO  com.rs.mv.mvvs.client.catalog.from.config.MappingConfigReader - [client:400207]parse mapping config information
2024-11-28 14:34:06.061 [pool-3-thread-1] INFO  com.rs.mv.mvvs.client.catalog.manager.U2CatalogManager - [client:400202]start a schedule task to get global/local catalog for .pio, its period 5s 
2024-11-28 14:34:06.065 [pool-3-thread-1] INFO  com.rs.mv.mvvs.client.catalog.manager.U2CatalogManager - [client:400203]cache file auto update thread launch in build account
2024-11-28 14:34:06.067 [pool-3-thread-1] INFO  com.rs.mv.mvvs.client.catalog.from.config.DirsConfigReader - [client:400206]parse dir config information
2024-11-28 14:34:06.071 [pool-3-thread-1] INFO  com.rs.mv.mvvs.client.catalog.from.config.MappingConfigReader - [client:400207]parse mapping config information
2024-11-28 14:34:06.074 [pool-3-thread-1] INFO  com.rs.mv.mvvs.client.catalog.manager.U2CatalogManager - [client:400202]start a schedule task to get global/local catalog for build, its period 5s 
2024-11-28 14:34:06.075 [pool-3-thread-1] INFO  com.rs.mv.mvvs.client.catalog.manager.U2CatalogManager - [client:400203]cache file auto update thread launch in uno account
2024-11-28 14:34:06.097 [pool-3-thread-1] INFO  com.rs.mv.mvvs.client.catalog.from.config.DirsConfigReader - [client:400206]parse dir config information
2024-11-28 14:34:06.126 [pool-3-thread-1] INFO  com.rs.mv.mvvs.client.catalog.from.config.MappingConfigReader - [client:400207]parse mapping config information
2024-11-28 14:34:06.160 [pool-3-thread-1] INFO  com.rs.mv.mvvs.client.catalog.manager.U2CatalogManager - [client:400202]start a schedule task to get global/local catalog for uno, its period 5s 
2024-11-28 14:34:06.277 [pool-3-thread-1] INFO  com.rs.mv.mvvs.client.account.handler.ServerAccountHandler - [client:40010104]load server account: Account{name=.pio, path=C:/Users/GodsA/OneDrive/Desktop/Code/6_C++/SE Team Projects/LED TEST/.pio, type=PREDICT}
Account{name=build, path=C:/Users/GodsA/OneDrive/Desktop/Code/6_C++/SE Team Projects/LED TEST/.pio/build, type=PREDICT}
Account{name=uno, path=C:/Users/GodsA/OneDrive/Desktop/Code/6_C++/SE Team Projects/LED TEST/.pio/build/uno, type=PREDICT}
Account{name=LED TEST, path=C:/Users/GodsA/OneDrive/Desktop/Code/6_C++/SE Team Projects/LED TEST, type=PREDICT}
2024-11-28 14:34:06.282 [pool-3-thread-1] INFO  com.rs.mv.mvvs.client.account.AccountManager - [client:40010105]load account manager finish
2024-11-28 14:34:06.290 [pool-3-thread-1] INFO  com.rs.mv.mvvs.instance.userspace.UserspaceManager - [framework:30010402]config file(C:\Users\GodsA/.rmv/config) watcher launch successful
2024-11-28 14:34:15.011 [pool-3-thread-1] INFO  com.rs.mv.mvvs.client.catalog.from.scan.CurrentPathScanner - [client:400205]scan file in current open file directory(C:/Users/GodsA/OneDrive/Desktop/Code/6_C++/SE Team Projects/LED TEST/src)
2024-11-28 14:34:16.229 [pool-3-thread-1] INFO  com.rs.mv.mvvs.client.catalog.from.scan.CurrentPathScanner - [client:400205]scan file in current open file directory(C:/Users/GodsA/OneDrive/Desktop/Code/6_C++/SE Team Projects/LED TEST/src)
2024-11-28 14:34:16.564 [pool-3-thread-1] INFO  com.rs.mv.mvvs.client.catalog.from.scan.CurrentPathScanner - [client:400205]scan file in current open file directory(C:/Users/GodsA/OneDrive/Desktop/Code/6_C++/SE Team Projects/LED TEST/src)
2024-11-28 14:35:00.974 [pool-3-thread-1] INFO  com.rs.mv.mvvs.client.catalog.from.scan.CurrentPathScanner - [client:400205]scan file in current open file directory(C:/Users/GodsA/OneDrive/Desktop/Code/6_C++/SE Team Projects/LED TEST/src)
2024-11-28 14:43:26.638 [pool-3-thread-1] INFO  com.rs.mv.mvvs.client.catalog.from.scan.CurrentPathScanner - [client:400205]scan file in current open file directory(C:/Users/GodsA/OneDrive/Desktop/Code/6_C++/SE Team Projects/LED TEST/src)
2024-11-28 14:44:52.766 [main] WARN  com.rs.mv.mvvs.Startup - [LSP:100104]ROCKET MV BASIC EXTENSION exited
