2024-12-04 09:06:31.023 [main] INFO  com.rs.mv.mvvs.Startup - [LSP:100101]ROCKET MV BASIC EXTENSION to start
2024-12-04 09:06:31.239 [main] INFO  com.rs.mv.mvvs.lsp.server.BasicLanguageServerLauncher - [LSP:100102]start pip server
2024-12-04 09:06:32.648 [main] INFO  com.rs.mv.mvvs.lsp.server.BasicLanguageServerLauncher - [LSP:100103]ROCKET MV BASIC EXTENSION start successful
2024-12-04 09:06:33.749 [pool-3-thread-1] INFO  com.rs.mv.mvvs.instance.workspace.WorkspaceManager - [workspace:200101]load all workspace folders start
2024-12-04 09:06:33.749 [pool-3-thread-1] INFO  com.rs.mv.mvvs.instance.workspace.WorkspaceManager - [workspace:20010201]root uri: file:///c%3A/Users/GodsA/OneDrive/Desktop/Code/6_C%2B%2B/SE%20Team%20Projects/LED%20TEST
2024-12-04 09:06:33.749 [pool-3-thread-1] INFO  com.rs.mv.mvvs.instance.workspace.handler.FolderHandler - [workspace:200103]workspace contains workspace folder: file:///c%3A/Users/GodsA/OneDrive/Desktop/Code/6_C%2B%2B/SE%20Team%20Projects/LED%20TEST
2024-12-04 09:06:33.844 [pool-3-thread-1] INFO  com.rs.mv.mvvs.instance.workspace.handler.FolderHandler - [workspace:200104]workspace folder will be cached: file:///c%3A/Users/GodsA/OneDrive/Desktop/Code/6_C%2B%2B/SE%20Team%20Projects/LED%20TEST
2024-12-04 09:06:33.850 [pool-3-thread-1] INFO  com.rs.mv.mvvs.rmv.config.Config - [framework:30010101]config load start
2024-12-04 09:06:33.852 [pool-3-thread-1] INFO  com.rs.mv.mvvs.rmv.config.Config - [framework:30010102]project config path is : C:/Users/GodsA/OneDrive/Desktop/Code/6_C++/SE Team Projects/LED TEST/.rmv/config
2024-12-04 09:06:33.852 [pool-3-thread-1] INFO  com.rs.mv.mvvs.rmv.config.Config - [framework:30010103]resource config path is : /
2024-12-04 09:06:33.852 [pool-3-thread-1] INFO  com.rs.mv.mvvs.rmv.config.Config - [framework:30010104]user config path is : C:/Users/GodsA
2024-12-04 09:06:33.907 [pool-3-thread-1] INFO  com.rs.mv.mvvs.rmv.config.Config - [framework:30010105]config load end
2024-12-04 09:06:33.907 [pool-3-thread-1] INFO  com.rs.mv.mvvs.rmv.documentation.BasicDocumentation - [framework:30020101]documentation load start
2024-12-04 09:06:33.917 [pool-3-thread-1] INFO  com.rs.mv.mvvs.rmv.documentation.reader.SystemDocReader - [framework:30020102]system documentation path: /documentation/UNIVERSE/
2024-12-04 09:06:33.922 [pool-3-thread-1] INFO  com.rs.mv.mvvs.rmv.documentation.reader.ProjectDocReader - [framework:30020103]project documentation brief file: C:\Users\GodsA\OneDrive\Desktop\Code\6_C++\SE Team Projects\LED TEST\.rmv\documentation\UNIVERSE\custom.json
2024-12-04 09:06:33.922 [pool-3-thread-1] INFO  com.rs.mv.mvvs.rmv.documentation.reader.UserDocReader - [framework:30020104]user documentation brief file: C:\Users\GodsA\documentation\UNIVERSE\custom.json
2024-12-04 09:06:34.444 [pool-3-thread-1] INFO  com.rs.mv.mvvs.rmv.documentation.BasicDocumentation - [framework:30020105]documentation load end
2024-12-04 09:06:34.455 [pool-3-thread-1] INFO  com.rs.mv.mvvs.common.convertor.ConvertorManager - [framework:30030101]convertors for folder(C:/Users/GodsA/OneDrive/Desktop/Code/6_C++/SE Team Projects/LED TEST) load start
2024-12-04 09:06:34.535 [pool-3-thread-1] INFO  com.rs.mv.mvvs.common.convertor.ConvertorManager - [framework:30030102]comment convertor load finish
2024-12-04 09:06:36.308 [pool-3-thread-1] INFO  com.rs.mv.mvvs.common.convertor.ConvertorManager - [framework:30030103]keyword convertor load finish
2024-12-04 09:06:36.324 [pool-3-thread-1] INFO  com.rs.mv.mvvs.common.convertor.ConvertorManager - [framework:30030104]operator convertor load finish
2024-12-04 09:06:36.324 [pool-3-thread-1] INFO  com.rs.mv.mvvs.common.convertor.ConvertorManager - [framework:30030105]function name convertor load finish
2024-12-04 09:06:36.324 [pool-3-thread-1] INFO  com.rs.mv.mvvs.common.convertor.ConvertorManager - [framework:30030106]atVariable convertor load finish
2024-12-04 09:06:36.324 [pool-3-thread-1] INFO  com.rs.mv.mvvs.common.convertor.ConvertorManager - [framework:30030107]convertors for folder(C:/Users/GodsA/OneDrive/Desktop/Code/6_C++/SE Team Projects/LED TEST) load end
2024-12-04 09:06:36.331 [pool-3-thread-1] INFO  com.rs.mv.mvvs.rmv.config.CapabilityConfig - [framework:30010301]capabilities file(C:/Users/GodsA/OneDrive/Desktop/Code/6_C++/SE Team Projects/LED TEST/config/capability) doesn't exist or read error, default config will take effect
2024-12-04 09:06:36.332 [pool-3-thread-1] INFO  com.rs.mv.mvvs.instance.workspace.WorkspaceManager - [workspace:200105]load all workspace folders successful
2024-12-04 09:06:36.339 [pool-3-thread-1] INFO  com.rs.mv.mvvs.client.account.AccountManager - [client:40010101]load account manager start
2024-12-04 09:06:36.434 [pool-3-thread-1] INFO  com.rs.mv.mvvs.client.account.handler.CacheAccountHandler - [client:40010102]load cache account: 
2024-12-04 09:06:36.501 [pool-3-thread-1] INFO  com.rs.mv.mvvs.client.account.handler.ExternalAccountHandler - [client:40010103]load external account: 
2024-12-04 09:06:36.825 [pool-3-thread-1] INFO  com.rs.mv.mvvs.client.catalog.manager.U2CatalogManager - [client:400203]cache file auto update thread launch in LED TEST account
2024-12-04 09:06:36.851 [pool-3-thread-1] INFO  com.rs.mv.mvvs.client.catalog.from.config.DirsConfigReader - [client:400206]parse dir config information
2024-12-04 09:06:36.867 [pool-3-thread-1] INFO  com.rs.mv.mvvs.client.catalog.from.config.MappingConfigReader - [client:400207]parse mapping config information
2024-12-04 09:06:36.907 [pool-3-thread-1] INFO  com.rs.mv.mvvs.client.catalog.manager.U2CatalogManager - [client:400202]start a schedule task to get global/local catalog for LED TEST, its period 5s 
2024-12-04 09:06:36.912 [pool-3-thread-1] INFO  com.rs.mv.mvvs.client.catalog.manager.U2CatalogManager - [client:400203]cache file auto update thread launch in .pio account
2024-12-04 09:06:36.912 [pool-3-thread-1] INFO  com.rs.mv.mvvs.client.catalog.from.config.DirsConfigReader - [client:400206]parse dir config information
2024-12-04 09:06:36.914 [pool-3-thread-1] INFO  com.rs.mv.mvvs.client.catalog.from.config.MappingConfigReader - [client:400207]parse mapping config information
2024-12-04 09:06:36.914 [pool-3-thread-1] INFO  com.rs.mv.mvvs.client.catalog.manager.U2CatalogManager - [client:400202]start a schedule task to get global/local catalog for .pio, its period 5s 
2024-12-04 09:06:36.914 [pool-3-thread-1] INFO  com.rs.mv.mvvs.client.catalog.manager.U2CatalogManager - [client:400203]cache file auto update thread launch in build account
2024-12-04 09:06:36.914 [pool-3-thread-1] INFO  com.rs.mv.mvvs.client.catalog.from.config.DirsConfigReader - [client:400206]parse dir config information
2024-12-04 09:06:36.920 [pool-3-thread-1] INFO  com.rs.mv.mvvs.client.catalog.from.config.MappingConfigReader - [client:400207]parse mapping config information
2024-12-04 09:06:36.920 [pool-3-thread-1] INFO  com.rs.mv.mvvs.client.catalog.manager.U2CatalogManager - [client:400202]start a schedule task to get global/local catalog for build, its period 5s 
2024-12-04 09:06:36.931 [pool-3-thread-1] INFO  com.rs.mv.mvvs.client.account.handler.ServerAccountHandler - [client:40010104]load server account: Account{name=.pio, path=C:/Users/GodsA/OneDrive/Desktop/Code/6_C++/SE Team Projects/LED TEST/.pio, type=PREDICT}
Account{name=build, path=C:/Users/GodsA/OneDrive/Desktop/Code/6_C++/SE Team Projects/LED TEST/.pio/build, type=PREDICT}
Account{name=LED TEST, path=C:/Users/GodsA/OneDrive/Desktop/Code/6_C++/SE Team Projects/LED TEST, type=PREDICT}
2024-12-04 09:06:36.931 [pool-3-thread-1] INFO  com.rs.mv.mvvs.client.account.AccountManager - [client:40010105]load account manager finish
2024-12-04 09:06:36.931 [pool-3-thread-1] INFO  com.rs.mv.mvvs.instance.userspace.UserspaceManager - [framework:30010402]config file(C:\Users\GodsA/.rmv/config) watcher launch successful
2024-12-04 09:06:50.020 [pool-3-thread-1] INFO  com.rs.mv.mvvs.client.catalog.from.scan.CurrentPathScanner - [client:400205]scan file in current open file directory(C:/Users/GodsA/OneDrive/Desktop/Code/6_C++/SE Team Projects/LED TEST/src)
2024-12-04 10:40:18.555 [pool-3-thread-1] INFO  com.rs.mv.mvvs.client.catalog.from.scan.CurrentPathScanner - [client:400205]scan file in current open file directory(C:/Users/GodsA/OneDrive/Desktop/Code/6_C++/SE Team Projects/LED TEST/src)
2024-12-04 10:43:24.659 [pool-3-thread-1] INFO  com.rs.mv.mvvs.client.catalog.from.scan.CurrentPathScanner - [client:400205]scan file in current open file directory(C:/Users/GodsA/OneDrive/Desktop/Code/6_C++/SE Team Projects/LED TEST)
2024-12-04 10:49:13.137 [pool-3-thread-1] INFO  com.rs.mv.mvvs.client.catalog.from.scan.CurrentPathScanner - [client:400205]scan file in current open file directory(C:/Users/GodsA/OneDrive/Desktop/Code/6_C++/SE Team Projects/LED TEST)
2024-12-04 10:51:59.003 [main] INFO  com.rs.mv.mvvs.Startup - [LSP:100101]ROCKET MV BASIC EXTENSION to start
2024-12-04 10:51:59.286 [main] INFO  com.rs.mv.mvvs.lsp.server.BasicLanguageServerLauncher - [LSP:100102]start pip server
2024-12-04 10:51:59.967 [main] INFO  com.rs.mv.mvvs.lsp.server.BasicLanguageServerLauncher - [LSP:100103]ROCKET MV BASIC EXTENSION start successful
2024-12-04 10:52:00.986 [pool-3-thread-1] INFO  com.rs.mv.mvvs.instance.workspace.WorkspaceManager - [workspace:200101]load all workspace folders start
2024-12-04 10:52:00.986 [pool-3-thread-1] INFO  com.rs.mv.mvvs.instance.workspace.WorkspaceManager - [workspace:20010201]root uri: file:///c%3A/Users/GodsA/OneDrive/Desktop/Code/6_C%2B%2B/SE%20Team%20Projects/LED%20TEST
2024-12-04 10:52:00.986 [pool-3-thread-1] INFO  com.rs.mv.mvvs.instance.workspace.handler.FolderHandler - [workspace:200103]workspace contains workspace folder: file:///c%3A/Users/GodsA/OneDrive/Desktop/Code/6_C%2B%2B/SE%20Team%20Projects/LED%20TEST
2024-12-04 10:52:01.151 [pool-3-thread-1] INFO  com.rs.mv.mvvs.instance.workspace.handler.FolderHandler - [workspace:200104]workspace folder will be cached: file:///c%3A/Users/GodsA/OneDrive/Desktop/Code/6_C%2B%2B/SE%20Team%20Projects/LED%20TEST
2024-12-04 10:52:01.157 [pool-3-thread-1] INFO  com.rs.mv.mvvs.rmv.config.Config - [framework:30010101]config load start
2024-12-04 10:52:01.157 [pool-3-thread-1] INFO  com.rs.mv.mvvs.rmv.config.Config - [framework:30010102]project config path is : C:/Users/GodsA/OneDrive/Desktop/Code/6_C++/SE Team Projects/LED TEST/.rmv/config
2024-12-04 10:52:01.157 [pool-3-thread-1] INFO  com.rs.mv.mvvs.rmv.config.Config - [framework:30010103]resource config path is : /
2024-12-04 10:52:01.157 [pool-3-thread-1] INFO  com.rs.mv.mvvs.rmv.config.Config - [framework:30010104]user config path is : C:/Users/GodsA
2024-12-04 10:52:01.239 [pool-3-thread-1] INFO  com.rs.mv.mvvs.rmv.config.Config - [framework:30010105]config load end
2024-12-04 10:52:01.239 [pool-3-thread-1] INFO  com.rs.mv.mvvs.rmv.documentation.BasicDocumentation - [framework:30020101]documentation load start
2024-12-04 10:52:01.266 [pool-3-thread-1] INFO  com.rs.mv.mvvs.rmv.documentation.reader.SystemDocReader - [framework:30020102]system documentation path: /documentation/UNIVERSE/
2024-12-04 10:52:01.269 [pool-3-thread-1] INFO  com.rs.mv.mvvs.rmv.documentation.reader.ProjectDocReader - [framework:30020103]project documentation brief file: C:\Users\GodsA\OneDrive\Desktop\Code\6_C++\SE Team Projects\LED TEST\.rmv\documentation\UNIVERSE\custom.json
2024-12-04 10:52:01.269 [pool-3-thread-1] INFO  com.rs.mv.mvvs.rmv.documentation.reader.UserDocReader - [framework:30020104]user documentation brief file: C:\Users\GodsA\documentation\UNIVERSE\custom.json
2024-12-04 10:52:02.044 [pool-3-thread-1] INFO  com.rs.mv.mvvs.rmv.documentation.BasicDocumentation - [framework:30020105]documentation load end
2024-12-04 10:52:02.044 [pool-3-thread-1] INFO  com.rs.mv.mvvs.common.convertor.ConvertorManager - [framework:30030101]convertors for folder(C:/Users/GodsA/OneDrive/Desktop/Code/6_C++/SE Team Projects/LED TEST) load start
2024-12-04 10:52:02.059 [pool-3-thread-1] INFO  com.rs.mv.mvvs.common.convertor.ConvertorManager - [framework:30030102]comment convertor load finish
2024-12-04 10:52:03.717 [pool-3-thread-1] INFO  com.rs.mv.mvvs.common.convertor.ConvertorManager - [framework:30030103]keyword convertor load finish
2024-12-04 10:52:03.726 [pool-3-thread-1] INFO  com.rs.mv.mvvs.common.convertor.ConvertorManager - [framework:30030104]operator convertor load finish
2024-12-04 10:52:03.728 [pool-3-thread-1] INFO  com.rs.mv.mvvs.common.convertor.ConvertorManager - [framework:30030105]function name convertor load finish
2024-12-04 10:52:03.728 [pool-3-thread-1] INFO  com.rs.mv.mvvs.common.convertor.ConvertorManager - [framework:30030106]atVariable convertor load finish
2024-12-04 10:52:03.728 [pool-3-thread-1] INFO  com.rs.mv.mvvs.common.convertor.ConvertorManager - [framework:30030107]convertors for folder(C:/Users/GodsA/OneDrive/Desktop/Code/6_C++/SE Team Projects/LED TEST) load end
2024-12-04 10:52:03.728 [pool-3-thread-1] INFO  com.rs.mv.mvvs.instance.workspace.handler.FolderHandler - [workspace:200103]workspace contains workspace folder: file:///c%3A/Users/GodsA/OneDrive/Documents/PlatformIO/Projects/testweb
2024-12-04 10:52:03.732 [pool-3-thread-1] INFO  com.rs.mv.mvvs.instance.workspace.handler.FolderHandler - [workspace:200104]workspace folder will be cached: file:///c%3A/Users/GodsA/OneDrive/Documents/PlatformIO/Projects/testweb
2024-12-04 10:52:03.732 [pool-3-thread-1] INFO  com.rs.mv.mvvs.rmv.config.Config - [framework:30010101]config load start
2024-12-04 10:52:03.732 [pool-3-thread-1] INFO  com.rs.mv.mvvs.rmv.config.Config - [framework:30010102]project config path is : C:/Users/GodsA/OneDrive/Documents/PlatformIO/Projects/testweb/.rmv/config
2024-12-04 10:52:03.732 [pool-3-thread-1] INFO  com.rs.mv.mvvs.rmv.config.Config - [framework:30010103]resource config path is : /
2024-12-04 10:52:03.736 [pool-3-thread-1] INFO  com.rs.mv.mvvs.rmv.config.Config - [framework:30010104]user config path is : C:/Users/GodsA
2024-12-04 10:52:03.792 [pool-3-thread-1] INFO  com.rs.mv.mvvs.rmv.config.Config - [framework:30010105]config load end
2024-12-04 10:52:03.792 [pool-3-thread-1] INFO  com.rs.mv.mvvs.rmv.documentation.BasicDocumentation - [framework:30020101]documentation load start
2024-12-04 10:52:03.793 [pool-3-thread-1] INFO  com.rs.mv.mvvs.rmv.documentation.reader.SystemDocReader - [framework:30020102]system documentation path: /documentation/UNIVERSE/
2024-12-04 10:52:03.798 [pool-3-thread-1] INFO  com.rs.mv.mvvs.rmv.documentation.reader.ProjectDocReader - [framework:30020103]project documentation brief file: C:\Users\GodsA\OneDrive\Documents\PlatformIO\Projects\testweb\.rmv\documentation\UNIVERSE\custom.json
2024-12-04 10:52:03.798 [pool-3-thread-1] INFO  com.rs.mv.mvvs.rmv.documentation.reader.UserDocReader - [framework:30020104]user documentation brief file: C:\Users\GodsA\documentation\UNIVERSE\custom.json
2024-12-04 10:52:03.864 [pool-3-thread-1] INFO  com.rs.mv.mvvs.rmv.documentation.BasicDocumentation - [framework:30020105]documentation load end
2024-12-04 10:52:03.877 [pool-3-thread-1] INFO  com.rs.mv.mvvs.common.convertor.ConvertorManager - [framework:30030101]convertors for folder(C:/Users/GodsA/OneDrive/Documents/PlatformIO/Projects/testweb) load start
2024-12-04 10:52:03.878 [pool-3-thread-1] INFO  com.rs.mv.mvvs.common.convertor.ConvertorManager - [framework:30030102]comment convertor load finish
2024-12-04 10:52:03.922 [pool-3-thread-1] INFO  com.rs.mv.mvvs.common.convertor.ConvertorManager - [framework:30030103]keyword convertor load finish
2024-12-04 10:52:03.932 [pool-3-thread-1] INFO  com.rs.mv.mvvs.common.convertor.ConvertorManager - [framework:30030104]operator convertor load finish
2024-12-04 10:52:03.932 [pool-3-thread-1] INFO  com.rs.mv.mvvs.common.convertor.ConvertorManager - [framework:30030105]function name convertor load finish
2024-12-04 10:52:03.932 [pool-3-thread-1] INFO  com.rs.mv.mvvs.common.convertor.ConvertorManager - [framework:30030106]atVariable convertor load finish
2024-12-04 10:52:03.932 [pool-3-thread-1] INFO  com.rs.mv.mvvs.common.convertor.ConvertorManager - [framework:30030107]convertors for folder(C:/Users/GodsA/OneDrive/Documents/PlatformIO/Projects/testweb) load end
2024-12-04 10:52:03.932 [pool-3-thread-1] INFO  com.rs.mv.mvvs.rmv.config.CapabilityConfig - [framework:30010301]capabilities file(C:/Users/GodsA/OneDrive/Desktop/Code/6_C++/SE Team Projects/LED TEST/config/capability) doesn't exist or read error, default config will take effect
2024-12-04 10:52:03.932 [pool-3-thread-1] INFO  com.rs.mv.mvvs.instance.workspace.WorkspaceManager - [workspace:200105]load all workspace folders successful
2024-12-04 10:52:03.948 [pool-3-thread-1] INFO  com.rs.mv.mvvs.client.account.AccountManager - [client:40010101]load account manager start
2024-12-04 10:52:04.014 [pool-3-thread-1] INFO  com.rs.mv.mvvs.client.account.handler.CacheAccountHandler - [client:40010102]load cache account: 
2024-12-04 10:52:04.021 [pool-3-thread-1] INFO  com.rs.mv.mvvs.client.account.handler.ExternalAccountHandler - [client:40010103]load external account: 
2024-12-04 10:52:04.196 [pool-3-thread-1] INFO  com.rs.mv.mvvs.client.catalog.manager.U2CatalogManager - [client:400203]cache file auto update thread launch in testweb account
2024-12-04 10:52:04.217 [pool-3-thread-1] INFO  com.rs.mv.mvvs.client.catalog.from.config.DirsConfigReader - [client:400206]parse dir config information
2024-12-04 10:52:04.253 [pool-3-thread-1] INFO  com.rs.mv.mvvs.client.catalog.from.config.MappingConfigReader - [client:400207]parse mapping config information
2024-12-04 10:52:04.253 [pool-3-thread-1] INFO  com.rs.mv.mvvs.client.catalog.manager.U2CatalogManager - [client:400202]start a schedule task to get global/local catalog for testweb, its period 5s 
2024-12-04 10:52:04.253 [pool-3-thread-1] INFO  com.rs.mv.mvvs.client.catalog.manager.U2CatalogManager - [client:400203]cache file auto update thread launch in .pio account
2024-12-04 10:52:04.265 [pool-3-thread-1] INFO  com.rs.mv.mvvs.client.catalog.from.config.DirsConfigReader - [client:400206]parse dir config information
2024-12-04 10:52:04.265 [pool-3-thread-1] INFO  com.rs.mv.mvvs.client.catalog.from.config.MappingConfigReader - [client:400207]parse mapping config information
2024-12-04 10:52:04.265 [pool-3-thread-1] INFO  com.rs.mv.mvvs.client.catalog.manager.U2CatalogManager - [client:400202]start a schedule task to get global/local catalog for .pio, its period 5s 
2024-12-04 10:52:04.265 [pool-3-thread-1] INFO  com.rs.mv.mvvs.client.catalog.manager.U2CatalogManager - [client:400203]cache file auto update thread launch in build account
2024-12-04 10:52:04.265 [pool-3-thread-1] INFO  com.rs.mv.mvvs.client.catalog.from.config.DirsConfigReader - [client:400206]parse dir config information
2024-12-04 10:52:04.265 [pool-3-thread-1] INFO  com.rs.mv.mvvs.client.catalog.from.config.MappingConfigReader - [client:400207]parse mapping config information
2024-12-04 10:52:04.265 [pool-3-thread-1] INFO  com.rs.mv.mvvs.client.catalog.manager.U2CatalogManager - [client:400202]start a schedule task to get global/local catalog for build, its period 5s 
2024-12-04 10:52:04.265 [pool-3-thread-1] INFO  com.rs.mv.mvvs.client.catalog.manager.U2CatalogManager - [client:400203]cache file auto update thread launch in LED TEST account
2024-12-04 10:52:04.281 [pool-3-thread-1] INFO  com.rs.mv.mvvs.client.catalog.from.config.DirsConfigReader - [client:400206]parse dir config information
2024-12-04 10:52:04.281 [pool-3-thread-1] INFO  com.rs.mv.mvvs.client.catalog.from.config.MappingConfigReader - [client:400207]parse mapping config information
2024-12-04 10:52:04.281 [pool-3-thread-1] INFO  com.rs.mv.mvvs.client.catalog.manager.U2CatalogManager - [client:400202]start a schedule task to get global/local catalog for LED TEST, its period 5s 
2024-12-04 10:52:04.281 [pool-3-thread-1] INFO  com.rs.mv.mvvs.client.catalog.manager.U2CatalogManager - [client:400203]cache file auto update thread launch in .pio account
2024-12-04 10:52:04.281 [pool-3-thread-1] INFO  com.rs.mv.mvvs.client.catalog.from.config.DirsConfigReader - [client:400206]parse dir config information
2024-12-04 10:52:04.281 [pool-3-thread-1] INFO  com.rs.mv.mvvs.client.catalog.from.config.MappingConfigReader - [client:400207]parse mapping config information
2024-12-04 10:52:04.281 [pool-3-thread-1] INFO  com.rs.mv.mvvs.client.catalog.manager.U2CatalogManager - [client:400202]start a schedule task to get global/local catalog for .pio, its period 5s 
2024-12-04 10:52:04.281 [pool-3-thread-1] INFO  com.rs.mv.mvvs.client.catalog.manager.U2CatalogManager - [client:400203]cache file auto update thread launch in build account
2024-12-04 10:52:04.281 [pool-3-thread-1] INFO  com.rs.mv.mvvs.client.catalog.from.config.DirsConfigReader - [client:400206]parse dir config information
2024-12-04 10:52:04.328 [pool-3-thread-1] INFO  com.rs.mv.mvvs.client.catalog.from.config.MappingConfigReader - [client:400207]parse mapping config information
2024-12-04 10:52:04.328 [pool-3-thread-1] INFO  com.rs.mv.mvvs.client.catalog.manager.U2CatalogManager - [client:400202]start a schedule task to get global/local catalog for build, its period 5s 
2024-12-04 10:52:04.347 [pool-3-thread-1] INFO  com.rs.mv.mvvs.client.account.handler.ServerAccountHandler - [client:40010104]load server account: Account{name=testweb, path=C:/Users/GodsA/OneDrive/Documents/PlatformIO/Projects/testweb, type=PREDICT}
Account{name=.pio, path=C:/Users/GodsA/OneDrive/Documents/PlatformIO/Projects/testweb/.pio, type=PREDICT}
Account{name=build, path=C:/Users/GodsA/OneDrive/Documents/PlatformIO/Projects/testweb/.pio/build, type=PREDICT}
Account{name=.pio, path=C:/Users/GodsA/OneDrive/Desktop/Code/6_C++/SE Team Projects/LED TEST/.pio, type=PREDICT}
Account{name=build, path=C:/Users/GodsA/OneDrive/Desktop/Code/6_C++/SE Team Projects/LED TEST/.pio/build, type=PREDICT}
Account{name=LED TEST, path=C:/Users/GodsA/OneDrive/Desktop/Code/6_C++/SE Team Projects/LED TEST, type=PREDICT}
2024-12-04 10:52:04.347 [pool-3-thread-1] INFO  com.rs.mv.mvvs.client.account.AccountManager - [client:40010105]load account manager finish
2024-12-04 10:52:04.347 [pool-3-thread-1] INFO  com.rs.mv.mvvs.instance.userspace.UserspaceManager - [framework:30010402]config file(C:\Users\GodsA/.rmv/config) watcher launch successful
2024-12-04 10:52:10.865 [pool-3-thread-1] INFO  com.rs.mv.mvvs.client.catalog.from.scan.CurrentPathScanner - [client:400205]scan file in current open file directory(C:/Users/GodsA/OneDrive/Documents/PlatformIO/Projects/testweb/src)
2024-12-04 10:52:11.382 [pool-3-thread-1] INFO  com.rs.mv.mvvs.client.catalog.from.scan.CurrentPathScanner - [client:400205]scan file in current open file directory(C:/Users/GodsA/OneDrive/Desktop/Code/6_C++/SE Team Projects/LED TEST)
2024-12-04 10:52:12.581 [pool-3-thread-1] INFO  com.rs.mv.mvvs.client.catalog.from.scan.CurrentPathScanner - [client:400205]scan file in current open file directory(C:/Users/GodsA/OneDrive/Documents/PlatformIO/Projects/testweb/src)
2024-12-04 10:53:12.018 [pool-3-thread-1] INFO  com.rs.mv.mvvs.client.catalog.from.scan.CurrentPathScanner - [client:400205]scan file in current open file directory(C:/Users/GodsA/OneDrive/Documents/PlatformIO/Projects/testweb/src)
2024-12-04 11:04:51.212 [pool-3-thread-1] INFO  com.rs.mv.mvvs.client.catalog.from.scan.CurrentPathScanner - [client:400205]scan file in current open file directory(C:/Users/GodsA/OneDrive/Documents/PlatformIO/Projects/testweb/src)
2024-12-04 11:05:24.999 [pool-3-thread-1] INFO  com.rs.mv.mvvs.client.catalog.from.scan.CurrentPathScanner - [client:400205]scan file in current open file directory(C:/Users/GodsA/OneDrive/Documents/PlatformIO/Projects/testweb/src)
2024-12-04 11:06:58.676 [pool-3-thread-1] INFO  com.rs.mv.mvvs.client.catalog.from.scan.CurrentPathScanner - [client:400205]scan file in current open file directory(C:/Users/GodsA/OneDrive/Documents/PlatformIO/Projects/testweb/src)
2024-12-04 11:07:23.195 [pool-3-thread-1] INFO  com.rs.mv.mvvs.client.catalog.from.scan.CurrentPathScanner - [client:400205]scan file in current open file directory(C:/Users/GodsA/OneDrive/Documents/PlatformIO/Projects/testweb/src)
2024-12-04 11:08:09.994 [pool-3-thread-1] INFO  com.rs.mv.mvvs.client.catalog.from.scan.CurrentPathScanner - [client:400205]scan file in current open file directory(C:/Users/GodsA/OneDrive/Desktop/Code/6_C++/SE Team Projects/LED TEST)
2024-12-04 11:08:19.582 [pool-3-thread-1] INFO  com.rs.mv.mvvs.client.catalog.from.scan.CurrentPathScanner - [client:400205]scan file in current open file directory(C:/Users/GodsA/OneDrive/Documents/PlatformIO/Projects/testweb/src)
2024-12-04 11:09:35.376 [pool-3-thread-1] INFO  com.rs.mv.mvvs.client.catalog.from.scan.CurrentPathScanner - [client:400205]scan file in current open file directory(C:/Users/GodsA/OneDrive/Desktop/Code/6_C++/SE Team Projects/LED TEST)
2024-12-04 11:10:00.509 [pool-3-thread-1] INFO  com.rs.mv.mvvs.client.catalog.from.scan.CurrentPathScanner - [client:400205]scan file in current open file directory(C:/Users/GodsA/OneDrive/Documents/PlatformIO/Projects/testweb/src)
2024-12-04 11:10:03.426 [pool-3-thread-1] INFO  com.rs.mv.mvvs.client.catalog.from.scan.CurrentPathScanner - [client:400205]scan file in current open file directory(C:/Users/GodsA/OneDrive/Documents/PlatformIO/Projects/testweb/src)
2024-12-04 11:18:59.033 [pool-3-thread-1] INFO  com.rs.mv.mvvs.client.catalog.from.scan.CurrentPathScanner - [client:400205]scan file in current open file directory(C:/Users/GodsA/OneDrive/Documents/PlatformIO/Projects/testweb/src)
2024-12-04 11:19:39.173 [pool-3-thread-1] INFO  com.rs.mv.mvvs.client.catalog.from.scan.CurrentPathScanner - [client:400205]scan file in current open file directory(C:/Users/GodsA/OneDrive/Documents/PlatformIO/Projects/testweb/src)
2024-12-04 11:20:01.304 [pool-3-thread-1] INFO  com.rs.mv.mvvs.client.catalog.from.scan.CurrentPathScanner - [client:400205]scan file in current open file directory(C:/Users/GodsA/OneDrive/Documents/PlatformIO/Projects/testweb)
2024-12-04 11:20:37.458 [pool-3-thread-1] INFO  com.rs.mv.mvvs.client.catalog.from.scan.CurrentPathScanner - [client:400205]scan file in current open file directory(C:/Users/GodsA/OneDrive/Documents/PlatformIO/Projects/testweb)
2024-12-04 11:20:42.278 [pool-3-thread-1] INFO  com.rs.mv.mvvs.client.catalog.from.scan.CurrentPathScanner - [client:400205]scan file in current open file directory(C:/Users/GodsA/OneDrive/Documents/PlatformIO/Projects/testweb/src)
2024-12-04 11:22:36.633 [pool-3-thread-1] INFO  com.rs.mv.mvvs.client.catalog.from.scan.CurrentPathScanner - [client:400205]scan file in current open file directory(C:/Users/GodsA/OneDrive/Documents/PlatformIO/Projects/testweb)
2024-12-04 11:26:28.338 [pool-3-thread-1] INFO  com.rs.mv.mvvs.client.catalog.from.scan.CurrentPathScanner - [client:400205]scan file in current open file directory(C:/Users/GodsA/OneDrive/Documents/PlatformIO/Projects/testweb/src)
2024-12-04 11:27:38.168 [pool-3-thread-1] INFO  com.rs.mv.mvvs.client.catalog.from.scan.CurrentPathScanner - [client:400205]scan file in current open file directory(C:/Users/GodsA/OneDrive/Documents/PlatformIO/Projects/testweb/src)
2024-12-04 11:48:52.652 [main] WARN  com.rs.mv.mvvs.Startup - [LSP:100104]ROCKET MV BASIC EXTENSION exited
